   0  $accept : %entry% $end

   1  program : decls EOF

   2  decl : fdecl
   3       | vdecl
   4       | bind_assign
   5       | stmt

   6  decls :
   7        | decls decl

   8  fdecl : typ ID LPAREN formals_opt RPAREN LBRACE func_body RBRACE

   9  formals_opt :
  10              | formal_list

  11  formal_list : typ ID
  12              | formal_list COMMA typ ID

  13  typ : INT
  14      | BOOL
  15      | FLOAT
  16      | VOID
  17      | NODE
  18      | EDGE
  19      | STRING_T
  20      | LIST
  21      | DICT
  22      | GRAPH LT flag_opt GT

  23  f_line : vdecl
  24         | bind_assign
  25         | stmt

  26  func_body :
  27            | func_body f_line

  28  vdecl_list :
  29             | vdecl_list vdecl
  30             | vdecl_list bind_assign

  31  vdecl : typ ID SEMI

  32  bind_assign : typ ID ASSIGN expr SEMI

  33  stmt_list :
  34            | stmt_list stmt

  35  stmt : expr SEMI
  36       | RETURN expr_opt SEMI
  37       | LBRACE stmt_list RBRACE
  38       | IF LPAREN expr RPAREN stmt
  39       | IF LPAREN expr RPAREN stmt ELSE stmt
  40       | FOR LPAREN expr_opt SEMI expr SEMI expr_opt RPAREN stmt
  41       | WHILE LPAREN expr RPAREN stmt

  42  expr_opt :
  43           | expr

  44  expr : LITERAL
  45       | FLIT
  46       | BLIT
  47       | ID
  48       | STRING
  49       | expr ARROW expr
  50       | expr PLUS expr
  51       | expr MINUS expr
  52       | expr TIMES expr
  53       | expr DIVIDE expr
  54       | expr EQ expr
  55       | expr NEQ expr
  56       | expr LT expr
  57       | expr LEQ expr
  58       | expr GT expr
  59       | expr GEQ expr
  60       | expr AND expr
  61       | expr OR expr
  62       | expr UNION expr
  63       | expr INTER expr
  64       | expr DIFF expr
  65       | expr XOR expr
  66       | MINUS expr
  67       | NOT expr
  68       | ID ASSIGN expr
  69       | ID LPAREN args_opt RPAREN
  70       | LPAREN expr RPAREN
  71       | ID DOT ID
  72       | ID DOT ID ASSIGN expr
  73       | LBRAC list_opt RBRAC
  74       | typ ID ASSIGN LBRACE vdecl_list RBRACE

  75  args_opt :
  76           | args_list

  77  args_list : expr
  78            | args_list COMMA expr

  79  list_opt :
  80           | expr_list

  81  expr_list : expr
  82            | expr_list COMMA expr

  83  flag_opt :
  84           | flags_list

  85  flags_list : ID
  86             | flags_list COMMA ID

  87  %entry% : '\001' program

state 0
	$accept : . %entry% $end  (0)

	'\001'  shift 1
	.  error

	%entry%  goto 2


state 1
	%entry% : '\001' . program  (87)
	decls : .  (6)

	.  reduce 6

	program  goto 3
	decls  goto 4


state 2
	$accept : %entry% . $end  (0)

	$end  accept


state 3
	%entry% : '\001' program .  (87)

	.  reduce 87


state 4
	program : decls . EOF  (1)
	decls : decls . decl  (7)

	LPAREN  shift 5
	LBRACE  shift 6
	LBRAC  shift 7
	MINUS  shift 8
	NOT  shift 9
	RETURN  shift 10
	IF  shift 11
	FOR  shift 12
	WHILE  shift 13
	INT  shift 14
	BOOL  shift 15
	FLOAT  shift 16
	VOID  shift 17
	LIST  shift 18
	STRING_T  shift 19
	DICT  shift 20
	LITERAL  shift 21
	BLIT  shift 22
	ID  shift 23
	FLIT  shift 24
	STRING  shift 25
	NODE  shift 26
	EDGE  shift 27
	GRAPH  shift 28
	EOF  shift 29
	.  error

	decl  goto 30
	fdecl  goto 31
	vdecl  goto 32
	bind_assign  goto 33
	stmt  goto 34
	typ  goto 35
	expr  goto 36


state 5
	expr : LPAREN . expr RPAREN  (70)

	LPAREN  shift 5
	LBRAC  shift 7
	MINUS  shift 8
	NOT  shift 9
	INT  shift 14
	BOOL  shift 15
	FLOAT  shift 16
	VOID  shift 17
	LIST  shift 18
	STRING_T  shift 19
	DICT  shift 20
	LITERAL  shift 21
	BLIT  shift 22
	ID  shift 23
	FLIT  shift 24
	STRING  shift 25
	NODE  shift 26
	EDGE  shift 27
	GRAPH  shift 28
	.  error

	typ  goto 37
	expr  goto 38


state 6
	stmt : LBRACE . stmt_list RBRACE  (37)
	stmt_list : .  (33)

	.  reduce 33

	stmt_list  goto 39


state 7
	expr : LBRAC . list_opt RBRAC  (73)
	list_opt : .  (79)

	LPAREN  shift 5
	LBRAC  shift 7
	MINUS  shift 8
	NOT  shift 9
	INT  shift 14
	BOOL  shift 15
	FLOAT  shift 16
	VOID  shift 17
	LIST  shift 18
	STRING_T  shift 19
	DICT  shift 20
	LITERAL  shift 21
	BLIT  shift 22
	ID  shift 23
	FLIT  shift 24
	STRING  shift 25
	NODE  shift 26
	EDGE  shift 27
	GRAPH  shift 28
	RBRAC  reduce 79

	typ  goto 37
	expr  goto 40
	list_opt  goto 41
	expr_list  goto 42


state 8
	expr : MINUS . expr  (66)

	LPAREN  shift 5
	LBRAC  shift 7
	MINUS  shift 8
	NOT  shift 9
	INT  shift 14
	BOOL  shift 15
	FLOAT  shift 16
	VOID  shift 17
	LIST  shift 18
	STRING_T  shift 19
	DICT  shift 20
	LITERAL  shift 21
	BLIT  shift 22
	ID  shift 23
	FLIT  shift 24
	STRING  shift 25
	NODE  shift 26
	EDGE  shift 27
	GRAPH  shift 28
	.  error

	typ  goto 37
	expr  goto 43


state 9
	expr : NOT . expr  (67)

	LPAREN  shift 5
	LBRAC  shift 7
	MINUS  shift 8
	NOT  shift 9
	INT  shift 14
	BOOL  shift 15
	FLOAT  shift 16
	VOID  shift 17
	LIST  shift 18
	STRING_T  shift 19
	DICT  shift 20
	LITERAL  shift 21
	BLIT  shift 22
	ID  shift 23
	FLIT  shift 24
	STRING  shift 25
	NODE  shift 26
	EDGE  shift 27
	GRAPH  shift 28
	.  error

	typ  goto 37
	expr  goto 44


state 10
	stmt : RETURN . expr_opt SEMI  (36)
	expr_opt : .  (42)

	LPAREN  shift 5
	LBRAC  shift 7
	MINUS  shift 8
	NOT  shift 9
	INT  shift 14
	BOOL  shift 15
	FLOAT  shift 16
	VOID  shift 17
	LIST  shift 18
	STRING_T  shift 19
	DICT  shift 20
	LITERAL  shift 21
	BLIT  shift 22
	ID  shift 23
	FLIT  shift 24
	STRING  shift 25
	NODE  shift 26
	EDGE  shift 27
	GRAPH  shift 28
	SEMI  reduce 42

	typ  goto 37
	expr  goto 45
	expr_opt  goto 46


state 11
	stmt : IF . LPAREN expr RPAREN stmt  (38)
	stmt : IF . LPAREN expr RPAREN stmt ELSE stmt  (39)

	LPAREN  shift 47
	.  error


state 12
	stmt : FOR . LPAREN expr_opt SEMI expr SEMI expr_opt RPAREN stmt  (40)

	LPAREN  shift 48
	.  error


state 13
	stmt : WHILE . LPAREN expr RPAREN stmt  (41)

	LPAREN  shift 49
	.  error


state 14
	typ : INT .  (13)

	.  reduce 13


state 15
	typ : BOOL .  (14)

	.  reduce 14


state 16
	typ : FLOAT .  (15)

	.  reduce 15


state 17
	typ : VOID .  (16)

	.  reduce 16


state 18
	typ : LIST .  (20)

	.  reduce 20


state 19
	typ : STRING_T .  (19)

	.  reduce 19


state 20
	typ : DICT .  (21)

	.  reduce 21


state 21
	expr : LITERAL .  (44)

	.  reduce 44


state 22
	expr : BLIT .  (46)

	.  reduce 46


state 23
	expr : ID .  (47)
	expr : ID . ASSIGN expr  (68)
	expr : ID . LPAREN args_opt RPAREN  (69)
	expr : ID . DOT ID  (71)
	expr : ID . DOT ID ASSIGN expr  (72)

	LPAREN  shift 50
	ASSIGN  shift 51
	DOT  shift 52
	SEMI  reduce 47
	RPAREN  reduce 47
	RBRAC  reduce 47
	COMMA  reduce 47
	PLUS  reduce 47
	MINUS  reduce 47
	TIMES  reduce 47
	DIVIDE  reduce 47
	ARROW  reduce 47
	EQ  reduce 47
	NEQ  reduce 47
	LT  reduce 47
	LEQ  reduce 47
	GT  reduce 47
	GEQ  reduce 47
	AND  reduce 47
	OR  reduce 47
	INTER  reduce 47
	UNION  reduce 47
	DIFF  reduce 47
	XOR  reduce 47


state 24
	expr : FLIT .  (45)

	.  reduce 45


state 25
	expr : STRING .  (48)

	.  reduce 48


state 26
	typ : NODE .  (17)

	.  reduce 17


state 27
	typ : EDGE .  (18)

	.  reduce 18


state 28
	typ : GRAPH . LT flag_opt GT  (22)

	LT  shift 53
	.  error


state 29
	program : decls EOF .  (1)

	.  reduce 1


state 30
	decls : decls decl .  (7)

	.  reduce 7


state 31
	decl : fdecl .  (2)

	.  reduce 2


state 32
	decl : vdecl .  (3)

	.  reduce 3


state 33
	decl : bind_assign .  (4)

	.  reduce 4


state 34
	decl : stmt .  (5)

	.  reduce 5


state 35
	fdecl : typ . ID LPAREN formals_opt RPAREN LBRACE func_body RBRACE  (8)
	vdecl : typ . ID SEMI  (31)
	bind_assign : typ . ID ASSIGN expr SEMI  (32)
	expr : typ . ID ASSIGN LBRACE vdecl_list RBRACE  (74)

	ID  shift 54
	.  error


state 36
	stmt : expr . SEMI  (35)
	expr : expr . ARROW expr  (49)
	expr : expr . PLUS expr  (50)
	expr : expr . MINUS expr  (51)
	expr : expr . TIMES expr  (52)
	expr : expr . DIVIDE expr  (53)
	expr : expr . EQ expr  (54)
	expr : expr . NEQ expr  (55)
	expr : expr . LT expr  (56)
	expr : expr . LEQ expr  (57)
	expr : expr . GT expr  (58)
	expr : expr . GEQ expr  (59)
	expr : expr . AND expr  (60)
	expr : expr . OR expr  (61)
	expr : expr . UNION expr  (62)
	expr : expr . INTER expr  (63)
	expr : expr . DIFF expr  (64)
	expr : expr . XOR expr  (65)

	SEMI  shift 55
	PLUS  shift 56
	MINUS  shift 57
	TIMES  shift 58
	DIVIDE  shift 59
	ARROW  shift 60
	EQ  shift 61
	NEQ  shift 62
	LT  shift 63
	LEQ  shift 64
	GT  shift 65
	GEQ  shift 66
	AND  shift 67
	OR  shift 68
	INTER  shift 69
	UNION  shift 70
	DIFF  shift 71
	XOR  shift 72
	.  error


state 37
	expr : typ . ID ASSIGN LBRACE vdecl_list RBRACE  (74)

	ID  shift 73
	.  error


state 38
	expr : expr . ARROW expr  (49)
	expr : expr . PLUS expr  (50)
	expr : expr . MINUS expr  (51)
	expr : expr . TIMES expr  (52)
	expr : expr . DIVIDE expr  (53)
	expr : expr . EQ expr  (54)
	expr : expr . NEQ expr  (55)
	expr : expr . LT expr  (56)
	expr : expr . LEQ expr  (57)
	expr : expr . GT expr  (58)
	expr : expr . GEQ expr  (59)
	expr : expr . AND expr  (60)
	expr : expr . OR expr  (61)
	expr : expr . UNION expr  (62)
	expr : expr . INTER expr  (63)
	expr : expr . DIFF expr  (64)
	expr : expr . XOR expr  (65)
	expr : LPAREN expr . RPAREN  (70)

	RPAREN  shift 74
	PLUS  shift 56
	MINUS  shift 57
	TIMES  shift 58
	DIVIDE  shift 59
	ARROW  shift 60
	EQ  shift 61
	NEQ  shift 62
	LT  shift 63
	LEQ  shift 64
	GT  shift 65
	GEQ  shift 66
	AND  shift 67
	OR  shift 68
	INTER  shift 69
	UNION  shift 70
	DIFF  shift 71
	XOR  shift 72
	.  error


state 39
	stmt_list : stmt_list . stmt  (34)
	stmt : LBRACE stmt_list . RBRACE  (37)

	LPAREN  shift 5
	LBRACE  shift 6
	RBRACE  shift 75
	LBRAC  shift 7
	MINUS  shift 8
	NOT  shift 9
	RETURN  shift 10
	IF  shift 11
	FOR  shift 12
	WHILE  shift 13
	INT  shift 14
	BOOL  shift 15
	FLOAT  shift 16
	VOID  shift 17
	LIST  shift 18
	STRING_T  shift 19
	DICT  shift 20
	LITERAL  shift 21
	BLIT  shift 22
	ID  shift 23
	FLIT  shift 24
	STRING  shift 25
	NODE  shift 26
	EDGE  shift 27
	GRAPH  shift 28
	.  error

	stmt  goto 76
	typ  goto 37
	expr  goto 36


state 40
	expr : expr . ARROW expr  (49)
	expr : expr . PLUS expr  (50)
	expr : expr . MINUS expr  (51)
	expr : expr . TIMES expr  (52)
	expr : expr . DIVIDE expr  (53)
	expr : expr . EQ expr  (54)
	expr : expr . NEQ expr  (55)
	expr : expr . LT expr  (56)
	expr : expr . LEQ expr  (57)
	expr : expr . GT expr  (58)
	expr : expr . GEQ expr  (59)
	expr : expr . AND expr  (60)
	expr : expr . OR expr  (61)
	expr : expr . UNION expr  (62)
	expr : expr . INTER expr  (63)
	expr : expr . DIFF expr  (64)
	expr : expr . XOR expr  (65)
	expr_list : expr .  (81)

	PLUS  shift 56
	MINUS  shift 57
	TIMES  shift 58
	DIVIDE  shift 59
	ARROW  shift 60
	EQ  shift 61
	NEQ  shift 62
	LT  shift 63
	LEQ  shift 64
	GT  shift 65
	GEQ  shift 66
	AND  shift 67
	OR  shift 68
	INTER  shift 69
	UNION  shift 70
	DIFF  shift 71
	XOR  shift 72
	RBRAC  reduce 81
	COMMA  reduce 81


state 41
	expr : LBRAC list_opt . RBRAC  (73)

	RBRAC  shift 77
	.  error


state 42
	list_opt : expr_list .  (80)
	expr_list : expr_list . COMMA expr  (82)

	COMMA  shift 78
	RBRAC  reduce 80


state 43
	expr : expr . ARROW expr  (49)
	expr : expr . PLUS expr  (50)
	expr : expr . MINUS expr  (51)
	expr : expr . TIMES expr  (52)
	expr : expr . DIVIDE expr  (53)
	expr : expr . EQ expr  (54)
	expr : expr . NEQ expr  (55)
	expr : expr . LT expr  (56)
	expr : expr . LEQ expr  (57)
	expr : expr . GT expr  (58)
	expr : expr . GEQ expr  (59)
	expr : expr . AND expr  (60)
	expr : expr . OR expr  (61)
	expr : expr . UNION expr  (62)
	expr : expr . INTER expr  (63)
	expr : expr . DIFF expr  (64)
	expr : expr . XOR expr  (65)
	expr : MINUS expr .  (66)

	.  reduce 66


state 44
	expr : expr . ARROW expr  (49)
	expr : expr . PLUS expr  (50)
	expr : expr . MINUS expr  (51)
	expr : expr . TIMES expr  (52)
	expr : expr . DIVIDE expr  (53)
	expr : expr . EQ expr  (54)
	expr : expr . NEQ expr  (55)
	expr : expr . LT expr  (56)
	expr : expr . LEQ expr  (57)
	expr : expr . GT expr  (58)
	expr : expr . GEQ expr  (59)
	expr : expr . AND expr  (60)
	expr : expr . OR expr  (61)
	expr : expr . UNION expr  (62)
	expr : expr . INTER expr  (63)
	expr : expr . DIFF expr  (64)
	expr : expr . XOR expr  (65)
	expr : NOT expr .  (67)

	.  reduce 67


state 45
	expr_opt : expr .  (43)
	expr : expr . ARROW expr  (49)
	expr : expr . PLUS expr  (50)
	expr : expr . MINUS expr  (51)
	expr : expr . TIMES expr  (52)
	expr : expr . DIVIDE expr  (53)
	expr : expr . EQ expr  (54)
	expr : expr . NEQ expr  (55)
	expr : expr . LT expr  (56)
	expr : expr . LEQ expr  (57)
	expr : expr . GT expr  (58)
	expr : expr . GEQ expr  (59)
	expr : expr . AND expr  (60)
	expr : expr . OR expr  (61)
	expr : expr . UNION expr  (62)
	expr : expr . INTER expr  (63)
	expr : expr . DIFF expr  (64)
	expr : expr . XOR expr  (65)

	PLUS  shift 56
	MINUS  shift 57
	TIMES  shift 58
	DIVIDE  shift 59
	ARROW  shift 60
	EQ  shift 61
	NEQ  shift 62
	LT  shift 63
	LEQ  shift 64
	GT  shift 65
	GEQ  shift 66
	AND  shift 67
	OR  shift 68
	INTER  shift 69
	UNION  shift 70
	DIFF  shift 71
	XOR  shift 72
	SEMI  reduce 43
	RPAREN  reduce 43


state 46
	stmt : RETURN expr_opt . SEMI  (36)

	SEMI  shift 79
	.  error


state 47
	stmt : IF LPAREN . expr RPAREN stmt  (38)
	stmt : IF LPAREN . expr RPAREN stmt ELSE stmt  (39)

	LPAREN  shift 5
	LBRAC  shift 7
	MINUS  shift 8
	NOT  shift 9
	INT  shift 14
	BOOL  shift 15
	FLOAT  shift 16
	VOID  shift 17
	LIST  shift 18
	STRING_T  shift 19
	DICT  shift 20
	LITERAL  shift 21
	BLIT  shift 22
	ID  shift 23
	FLIT  shift 24
	STRING  shift 25
	NODE  shift 26
	EDGE  shift 27
	GRAPH  shift 28
	.  error

	typ  goto 37
	expr  goto 80


state 48
	stmt : FOR LPAREN . expr_opt SEMI expr SEMI expr_opt RPAREN stmt  (40)
	expr_opt : .  (42)

	LPAREN  shift 5
	LBRAC  shift 7
	MINUS  shift 8
	NOT  shift 9
	INT  shift 14
	BOOL  shift 15
	FLOAT  shift 16
	VOID  shift 17
	LIST  shift 18
	STRING_T  shift 19
	DICT  shift 20
	LITERAL  shift 21
	BLIT  shift 22
	ID  shift 23
	FLIT  shift 24
	STRING  shift 25
	NODE  shift 26
	EDGE  shift 27
	GRAPH  shift 28
	SEMI  reduce 42

	typ  goto 37
	expr  goto 45
	expr_opt  goto 81


state 49
	stmt : WHILE LPAREN . expr RPAREN stmt  (41)

	LPAREN  shift 5
	LBRAC  shift 7
	MINUS  shift 8
	NOT  shift 9
	INT  shift 14
	BOOL  shift 15
	FLOAT  shift 16
	VOID  shift 17
	LIST  shift 18
	STRING_T  shift 19
	DICT  shift 20
	LITERAL  shift 21
	BLIT  shift 22
	ID  shift 23
	FLIT  shift 24
	STRING  shift 25
	NODE  shift 26
	EDGE  shift 27
	GRAPH  shift 28
	.  error

	typ  goto 37
	expr  goto 82


state 50
	expr : ID LPAREN . args_opt RPAREN  (69)
	args_opt : .  (75)

	LPAREN  shift 5
	LBRAC  shift 7
	MINUS  shift 8
	NOT  shift 9
	INT  shift 14
	BOOL  shift 15
	FLOAT  shift 16
	VOID  shift 17
	LIST  shift 18
	STRING_T  shift 19
	DICT  shift 20
	LITERAL  shift 21
	BLIT  shift 22
	ID  shift 23
	FLIT  shift 24
	STRING  shift 25
	NODE  shift 26
	EDGE  shift 27
	GRAPH  shift 28
	RPAREN  reduce 75

	typ  goto 37
	expr  goto 83
	args_opt  goto 84
	args_list  goto 85


state 51
	expr : ID ASSIGN . expr  (68)

	LPAREN  shift 5
	LBRAC  shift 7
	MINUS  shift 8
	NOT  shift 9
	INT  shift 14
	BOOL  shift 15
	FLOAT  shift 16
	VOID  shift 17
	LIST  shift 18
	STRING_T  shift 19
	DICT  shift 20
	LITERAL  shift 21
	BLIT  shift 22
	ID  shift 23
	FLIT  shift 24
	STRING  shift 25
	NODE  shift 26
	EDGE  shift 27
	GRAPH  shift 28
	.  error

	typ  goto 37
	expr  goto 86


state 52
	expr : ID DOT . ID  (71)
	expr : ID DOT . ID ASSIGN expr  (72)

	ID  shift 87
	.  error


state 53
	typ : GRAPH LT . flag_opt GT  (22)
	flag_opt : .  (83)

	ID  shift 88
	GT  reduce 83

	flag_opt  goto 89
	flags_list  goto 90


state 54
	fdecl : typ ID . LPAREN formals_opt RPAREN LBRACE func_body RBRACE  (8)
	vdecl : typ ID . SEMI  (31)
	bind_assign : typ ID . ASSIGN expr SEMI  (32)
	expr : typ ID . ASSIGN LBRACE vdecl_list RBRACE  (74)

	SEMI  shift 91
	LPAREN  shift 92
	ASSIGN  shift 93
	.  error


state 55
	stmt : expr SEMI .  (35)

	.  reduce 35


state 56
	expr : expr PLUS . expr  (50)

	LPAREN  shift 5
	LBRAC  shift 7
	MINUS  shift 8
	NOT  shift 9
	INT  shift 14
	BOOL  shift 15
	FLOAT  shift 16
	VOID  shift 17
	LIST  shift 18
	STRING_T  shift 19
	DICT  shift 20
	LITERAL  shift 21
	BLIT  shift 22
	ID  shift 23
	FLIT  shift 24
	STRING  shift 25
	NODE  shift 26
	EDGE  shift 27
	GRAPH  shift 28
	.  error

	typ  goto 37
	expr  goto 94


state 57
	expr : expr MINUS . expr  (51)

	LPAREN  shift 5
	LBRAC  shift 7
	MINUS  shift 8
	NOT  shift 9
	INT  shift 14
	BOOL  shift 15
	FLOAT  shift 16
	VOID  shift 17
	LIST  shift 18
	STRING_T  shift 19
	DICT  shift 20
	LITERAL  shift 21
	BLIT  shift 22
	ID  shift 23
	FLIT  shift 24
	STRING  shift 25
	NODE  shift 26
	EDGE  shift 27
	GRAPH  shift 28
	.  error

	typ  goto 37
	expr  goto 95


state 58
	expr : expr TIMES . expr  (52)

	LPAREN  shift 5
	LBRAC  shift 7
	MINUS  shift 8
	NOT  shift 9
	INT  shift 14
	BOOL  shift 15
	FLOAT  shift 16
	VOID  shift 17
	LIST  shift 18
	STRING_T  shift 19
	DICT  shift 20
	LITERAL  shift 21
	BLIT  shift 22
	ID  shift 23
	FLIT  shift 24
	STRING  shift 25
	NODE  shift 26
	EDGE  shift 27
	GRAPH  shift 28
	.  error

	typ  goto 37
	expr  goto 96


state 59
	expr : expr DIVIDE . expr  (53)

	LPAREN  shift 5
	LBRAC  shift 7
	MINUS  shift 8
	NOT  shift 9
	INT  shift 14
	BOOL  shift 15
	FLOAT  shift 16
	VOID  shift 17
	LIST  shift 18
	STRING_T  shift 19
	DICT  shift 20
	LITERAL  shift 21
	BLIT  shift 22
	ID  shift 23
	FLIT  shift 24
	STRING  shift 25
	NODE  shift 26
	EDGE  shift 27
	GRAPH  shift 28
	.  error

	typ  goto 37
	expr  goto 97


state 60
	expr : expr ARROW . expr  (49)

	LPAREN  shift 5
	LBRAC  shift 7
	MINUS  shift 8
	NOT  shift 9
	INT  shift 14
	BOOL  shift 15
	FLOAT  shift 16
	VOID  shift 17
	LIST  shift 18
	STRING_T  shift 19
	DICT  shift 20
	LITERAL  shift 21
	BLIT  shift 22
	ID  shift 23
	FLIT  shift 24
	STRING  shift 25
	NODE  shift 26
	EDGE  shift 27
	GRAPH  shift 28
	.  error

	typ  goto 37
	expr  goto 98


state 61
	expr : expr EQ . expr  (54)

	LPAREN  shift 5
	LBRAC  shift 7
	MINUS  shift 8
	NOT  shift 9
	INT  shift 14
	BOOL  shift 15
	FLOAT  shift 16
	VOID  shift 17
	LIST  shift 18
	STRING_T  shift 19
	DICT  shift 20
	LITERAL  shift 21
	BLIT  shift 22
	ID  shift 23
	FLIT  shift 24
	STRING  shift 25
	NODE  shift 26
	EDGE  shift 27
	GRAPH  shift 28
	.  error

	typ  goto 37
	expr  goto 99


state 62
	expr : expr NEQ . expr  (55)

	LPAREN  shift 5
	LBRAC  shift 7
	MINUS  shift 8
	NOT  shift 9
	INT  shift 14
	BOOL  shift 15
	FLOAT  shift 16
	VOID  shift 17
	LIST  shift 18
	STRING_T  shift 19
	DICT  shift 20
	LITERAL  shift 21
	BLIT  shift 22
	ID  shift 23
	FLIT  shift 24
	STRING  shift 25
	NODE  shift 26
	EDGE  shift 27
	GRAPH  shift 28
	.  error

	typ  goto 37
	expr  goto 100


state 63
	expr : expr LT . expr  (56)

	LPAREN  shift 5
	LBRAC  shift 7
	MINUS  shift 8
	NOT  shift 9
	INT  shift 14
	BOOL  shift 15
	FLOAT  shift 16
	VOID  shift 17
	LIST  shift 18
	STRING_T  shift 19
	DICT  shift 20
	LITERAL  shift 21
	BLIT  shift 22
	ID  shift 23
	FLIT  shift 24
	STRING  shift 25
	NODE  shift 26
	EDGE  shift 27
	GRAPH  shift 28
	.  error

	typ  goto 37
	expr  goto 101


state 64
	expr : expr LEQ . expr  (57)

	LPAREN  shift 5
	LBRAC  shift 7
	MINUS  shift 8
	NOT  shift 9
	INT  shift 14
	BOOL  shift 15
	FLOAT  shift 16
	VOID  shift 17
	LIST  shift 18
	STRING_T  shift 19
	DICT  shift 20
	LITERAL  shift 21
	BLIT  shift 22
	ID  shift 23
	FLIT  shift 24
	STRING  shift 25
	NODE  shift 26
	EDGE  shift 27
	GRAPH  shift 28
	.  error

	typ  goto 37
	expr  goto 102


state 65
	expr : expr GT . expr  (58)

	LPAREN  shift 5
	LBRAC  shift 7
	MINUS  shift 8
	NOT  shift 9
	INT  shift 14
	BOOL  shift 15
	FLOAT  shift 16
	VOID  shift 17
	LIST  shift 18
	STRING_T  shift 19
	DICT  shift 20
	LITERAL  shift 21
	BLIT  shift 22
	ID  shift 23
	FLIT  shift 24
	STRING  shift 25
	NODE  shift 26
	EDGE  shift 27
	GRAPH  shift 28
	.  error

	typ  goto 37
	expr  goto 103


state 66
	expr : expr GEQ . expr  (59)

	LPAREN  shift 5
	LBRAC  shift 7
	MINUS  shift 8
	NOT  shift 9
	INT  shift 14
	BOOL  shift 15
	FLOAT  shift 16
	VOID  shift 17
	LIST  shift 18
	STRING_T  shift 19
	DICT  shift 20
	LITERAL  shift 21
	BLIT  shift 22
	ID  shift 23
	FLIT  shift 24
	STRING  shift 25
	NODE  shift 26
	EDGE  shift 27
	GRAPH  shift 28
	.  error

	typ  goto 37
	expr  goto 104


state 67
	expr : expr AND . expr  (60)

	LPAREN  shift 5
	LBRAC  shift 7
	MINUS  shift 8
	NOT  shift 9
	INT  shift 14
	BOOL  shift 15
	FLOAT  shift 16
	VOID  shift 17
	LIST  shift 18
	STRING_T  shift 19
	DICT  shift 20
	LITERAL  shift 21
	BLIT  shift 22
	ID  shift 23
	FLIT  shift 24
	STRING  shift 25
	NODE  shift 26
	EDGE  shift 27
	GRAPH  shift 28
	.  error

	typ  goto 37
	expr  goto 105


state 68
	expr : expr OR . expr  (61)

	LPAREN  shift 5
	LBRAC  shift 7
	MINUS  shift 8
	NOT  shift 9
	INT  shift 14
	BOOL  shift 15
	FLOAT  shift 16
	VOID  shift 17
	LIST  shift 18
	STRING_T  shift 19
	DICT  shift 20
	LITERAL  shift 21
	BLIT  shift 22
	ID  shift 23
	FLIT  shift 24
	STRING  shift 25
	NODE  shift 26
	EDGE  shift 27
	GRAPH  shift 28
	.  error

	typ  goto 37
	expr  goto 106


state 69
	expr : expr INTER . expr  (63)

	LPAREN  shift 5
	LBRAC  shift 7
	MINUS  shift 8
	NOT  shift 9
	INT  shift 14
	BOOL  shift 15
	FLOAT  shift 16
	VOID  shift 17
	LIST  shift 18
	STRING_T  shift 19
	DICT  shift 20
	LITERAL  shift 21
	BLIT  shift 22
	ID  shift 23
	FLIT  shift 24
	STRING  shift 25
	NODE  shift 26
	EDGE  shift 27
	GRAPH  shift 28
	.  error

	typ  goto 37
	expr  goto 107


state 70
	expr : expr UNION . expr  (62)

	LPAREN  shift 5
	LBRAC  shift 7
	MINUS  shift 8
	NOT  shift 9
	INT  shift 14
	BOOL  shift 15
	FLOAT  shift 16
	VOID  shift 17
	LIST  shift 18
	STRING_T  shift 19
	DICT  shift 20
	LITERAL  shift 21
	BLIT  shift 22
	ID  shift 23
	FLIT  shift 24
	STRING  shift 25
	NODE  shift 26
	EDGE  shift 27
	GRAPH  shift 28
	.  error

	typ  goto 37
	expr  goto 108


state 71
	expr : expr DIFF . expr  (64)

	LPAREN  shift 5
	LBRAC  shift 7
	MINUS  shift 8
	NOT  shift 9
	INT  shift 14
	BOOL  shift 15
	FLOAT  shift 16
	VOID  shift 17
	LIST  shift 18
	STRING_T  shift 19
	DICT  shift 20
	LITERAL  shift 21
	BLIT  shift 22
	ID  shift 23
	FLIT  shift 24
	STRING  shift 25
	NODE  shift 26
	EDGE  shift 27
	GRAPH  shift 28
	.  error

	typ  goto 37
	expr  goto 109


state 72
	expr : expr XOR . expr  (65)

	LPAREN  shift 5
	LBRAC  shift 7
	MINUS  shift 8
	NOT  shift 9
	INT  shift 14
	BOOL  shift 15
	FLOAT  shift 16
	VOID  shift 17
	LIST  shift 18
	STRING_T  shift 19
	DICT  shift 20
	LITERAL  shift 21
	BLIT  shift 22
	ID  shift 23
	FLIT  shift 24
	STRING  shift 25
	NODE  shift 26
	EDGE  shift 27
	GRAPH  shift 28
	.  error

	typ  goto 37
	expr  goto 110


state 73
	expr : typ ID . ASSIGN LBRACE vdecl_list RBRACE  (74)

	ASSIGN  shift 111
	.  error


state 74
	expr : LPAREN expr RPAREN .  (70)

	.  reduce 70


state 75
	stmt : LBRACE stmt_list RBRACE .  (37)

	.  reduce 37


state 76
	stmt_list : stmt_list stmt .  (34)

	.  reduce 34


state 77
	expr : LBRAC list_opt RBRAC .  (73)

	.  reduce 73


state 78
	expr_list : expr_list COMMA . expr  (82)

	LPAREN  shift 5
	LBRAC  shift 7
	MINUS  shift 8
	NOT  shift 9
	INT  shift 14
	BOOL  shift 15
	FLOAT  shift 16
	VOID  shift 17
	LIST  shift 18
	STRING_T  shift 19
	DICT  shift 20
	LITERAL  shift 21
	BLIT  shift 22
	ID  shift 23
	FLIT  shift 24
	STRING  shift 25
	NODE  shift 26
	EDGE  shift 27
	GRAPH  shift 28
	.  error

	typ  goto 37
	expr  goto 112


state 79
	stmt : RETURN expr_opt SEMI .  (36)

	.  reduce 36


state 80
	stmt : IF LPAREN expr . RPAREN stmt  (38)
	stmt : IF LPAREN expr . RPAREN stmt ELSE stmt  (39)
	expr : expr . ARROW expr  (49)
	expr : expr . PLUS expr  (50)
	expr : expr . MINUS expr  (51)
	expr : expr . TIMES expr  (52)
	expr : expr . DIVIDE expr  (53)
	expr : expr . EQ expr  (54)
	expr : expr . NEQ expr  (55)
	expr : expr . LT expr  (56)
	expr : expr . LEQ expr  (57)
	expr : expr . GT expr  (58)
	expr : expr . GEQ expr  (59)
	expr : expr . AND expr  (60)
	expr : expr . OR expr  (61)
	expr : expr . UNION expr  (62)
	expr : expr . INTER expr  (63)
	expr : expr . DIFF expr  (64)
	expr : expr . XOR expr  (65)

	RPAREN  shift 113
	PLUS  shift 56
	MINUS  shift 57
	TIMES  shift 58
	DIVIDE  shift 59
	ARROW  shift 60
	EQ  shift 61
	NEQ  shift 62
	LT  shift 63
	LEQ  shift 64
	GT  shift 65
	GEQ  shift 66
	AND  shift 67
	OR  shift 68
	INTER  shift 69
	UNION  shift 70
	DIFF  shift 71
	XOR  shift 72
	.  error


state 81
	stmt : FOR LPAREN expr_opt . SEMI expr SEMI expr_opt RPAREN stmt  (40)

	SEMI  shift 114
	.  error


state 82
	stmt : WHILE LPAREN expr . RPAREN stmt  (41)
	expr : expr . ARROW expr  (49)
	expr : expr . PLUS expr  (50)
	expr : expr . MINUS expr  (51)
	expr : expr . TIMES expr  (52)
	expr : expr . DIVIDE expr  (53)
	expr : expr . EQ expr  (54)
	expr : expr . NEQ expr  (55)
	expr : expr . LT expr  (56)
	expr : expr . LEQ expr  (57)
	expr : expr . GT expr  (58)
	expr : expr . GEQ expr  (59)
	expr : expr . AND expr  (60)
	expr : expr . OR expr  (61)
	expr : expr . UNION expr  (62)
	expr : expr . INTER expr  (63)
	expr : expr . DIFF expr  (64)
	expr : expr . XOR expr  (65)

	RPAREN  shift 115
	PLUS  shift 56
	MINUS  shift 57
	TIMES  shift 58
	DIVIDE  shift 59
	ARROW  shift 60
	EQ  shift 61
	NEQ  shift 62
	LT  shift 63
	LEQ  shift 64
	GT  shift 65
	GEQ  shift 66
	AND  shift 67
	OR  shift 68
	INTER  shift 69
	UNION  shift 70
	DIFF  shift 71
	XOR  shift 72
	.  error


state 83
	expr : expr . ARROW expr  (49)
	expr : expr . PLUS expr  (50)
	expr : expr . MINUS expr  (51)
	expr : expr . TIMES expr  (52)
	expr : expr . DIVIDE expr  (53)
	expr : expr . EQ expr  (54)
	expr : expr . NEQ expr  (55)
	expr : expr . LT expr  (56)
	expr : expr . LEQ expr  (57)
	expr : expr . GT expr  (58)
	expr : expr . GEQ expr  (59)
	expr : expr . AND expr  (60)
	expr : expr . OR expr  (61)
	expr : expr . UNION expr  (62)
	expr : expr . INTER expr  (63)
	expr : expr . DIFF expr  (64)
	expr : expr . XOR expr  (65)
	args_list : expr .  (77)

	PLUS  shift 56
	MINUS  shift 57
	TIMES  shift 58
	DIVIDE  shift 59
	ARROW  shift 60
	EQ  shift 61
	NEQ  shift 62
	LT  shift 63
	LEQ  shift 64
	GT  shift 65
	GEQ  shift 66
	AND  shift 67
	OR  shift 68
	INTER  shift 69
	UNION  shift 70
	DIFF  shift 71
	XOR  shift 72
	RPAREN  reduce 77
	COMMA  reduce 77


state 84
	expr : ID LPAREN args_opt . RPAREN  (69)

	RPAREN  shift 116
	.  error


state 85
	args_opt : args_list .  (76)
	args_list : args_list . COMMA expr  (78)

	COMMA  shift 117
	RPAREN  reduce 76


state 86
	expr : expr . ARROW expr  (49)
	expr : expr . PLUS expr  (50)
	expr : expr . MINUS expr  (51)
	expr : expr . TIMES expr  (52)
	expr : expr . DIVIDE expr  (53)
	expr : expr . EQ expr  (54)
	expr : expr . NEQ expr  (55)
	expr : expr . LT expr  (56)
	expr : expr . LEQ expr  (57)
	expr : expr . GT expr  (58)
	expr : expr . GEQ expr  (59)
	expr : expr . AND expr  (60)
	expr : expr . OR expr  (61)
	expr : expr . UNION expr  (62)
	expr : expr . INTER expr  (63)
	expr : expr . DIFF expr  (64)
	expr : expr . XOR expr  (65)
	expr : ID ASSIGN expr .  (68)

	PLUS  shift 56
	MINUS  shift 57
	TIMES  shift 58
	DIVIDE  shift 59
	ARROW  shift 60
	EQ  shift 61
	NEQ  shift 62
	LT  shift 63
	LEQ  shift 64
	GT  shift 65
	GEQ  shift 66
	AND  shift 67
	OR  shift 68
	INTER  shift 69
	UNION  shift 70
	DIFF  shift 71
	XOR  shift 72
	SEMI  reduce 68
	RPAREN  reduce 68
	RBRAC  reduce 68
	COMMA  reduce 68


state 87
	expr : ID DOT ID .  (71)
	expr : ID DOT ID . ASSIGN expr  (72)

	ASSIGN  shift 118
	SEMI  reduce 71
	RPAREN  reduce 71
	RBRAC  reduce 71
	COMMA  reduce 71
	PLUS  reduce 71
	MINUS  reduce 71
	TIMES  reduce 71
	DIVIDE  reduce 71
	ARROW  reduce 71
	EQ  reduce 71
	NEQ  reduce 71
	LT  reduce 71
	LEQ  reduce 71
	GT  reduce 71
	GEQ  reduce 71
	AND  reduce 71
	OR  reduce 71
	INTER  reduce 71
	UNION  reduce 71
	DIFF  reduce 71
	XOR  reduce 71


state 88
	flags_list : ID .  (85)

	.  reduce 85


state 89
	typ : GRAPH LT flag_opt . GT  (22)

	GT  shift 119
	.  error


state 90
	flag_opt : flags_list .  (84)
	flags_list : flags_list . COMMA ID  (86)

	COMMA  shift 120
	GT  reduce 84


state 91
	vdecl : typ ID SEMI .  (31)

	.  reduce 31


state 92
	fdecl : typ ID LPAREN . formals_opt RPAREN LBRACE func_body RBRACE  (8)
	formals_opt : .  (9)

	INT  shift 14
	BOOL  shift 15
	FLOAT  shift 16
	VOID  shift 17
	LIST  shift 18
	STRING_T  shift 19
	DICT  shift 20
	NODE  shift 26
	EDGE  shift 27
	GRAPH  shift 28
	RPAREN  reduce 9

	typ  goto 121
	formals_opt  goto 122
	formal_list  goto 123


state 93
	bind_assign : typ ID ASSIGN . expr SEMI  (32)
	expr : typ ID ASSIGN . LBRACE vdecl_list RBRACE  (74)

	LPAREN  shift 5
	LBRACE  shift 124
	LBRAC  shift 7
	MINUS  shift 8
	NOT  shift 9
	INT  shift 14
	BOOL  shift 15
	FLOAT  shift 16
	VOID  shift 17
	LIST  shift 18
	STRING_T  shift 19
	DICT  shift 20
	LITERAL  shift 21
	BLIT  shift 22
	ID  shift 23
	FLIT  shift 24
	STRING  shift 25
	NODE  shift 26
	EDGE  shift 27
	GRAPH  shift 28
	.  error

	typ  goto 37
	expr  goto 125


state 94
	expr : expr . ARROW expr  (49)
	expr : expr . PLUS expr  (50)
	expr : expr PLUS expr .  (50)
	expr : expr . MINUS expr  (51)
	expr : expr . TIMES expr  (52)
	expr : expr . DIVIDE expr  (53)
	expr : expr . EQ expr  (54)
	expr : expr . NEQ expr  (55)
	expr : expr . LT expr  (56)
	expr : expr . LEQ expr  (57)
	expr : expr . GT expr  (58)
	expr : expr . GEQ expr  (59)
	expr : expr . AND expr  (60)
	expr : expr . OR expr  (61)
	expr : expr . UNION expr  (62)
	expr : expr . INTER expr  (63)
	expr : expr . DIFF expr  (64)
	expr : expr . XOR expr  (65)

	TIMES  shift 58
	DIVIDE  shift 59
	ARROW  shift 60
	SEMI  reduce 50
	RPAREN  reduce 50
	RBRAC  reduce 50
	COMMA  reduce 50
	PLUS  reduce 50
	MINUS  reduce 50
	EQ  reduce 50
	NEQ  reduce 50
	LT  reduce 50
	LEQ  reduce 50
	GT  reduce 50
	GEQ  reduce 50
	AND  reduce 50
	OR  reduce 50
	INTER  reduce 50
	UNION  reduce 50
	DIFF  reduce 50
	XOR  reduce 50


state 95
	expr : expr . ARROW expr  (49)
	expr : expr . PLUS expr  (50)
	expr : expr . MINUS expr  (51)
	expr : expr MINUS expr .  (51)
	expr : expr . TIMES expr  (52)
	expr : expr . DIVIDE expr  (53)
	expr : expr . EQ expr  (54)
	expr : expr . NEQ expr  (55)
	expr : expr . LT expr  (56)
	expr : expr . LEQ expr  (57)
	expr : expr . GT expr  (58)
	expr : expr . GEQ expr  (59)
	expr : expr . AND expr  (60)
	expr : expr . OR expr  (61)
	expr : expr . UNION expr  (62)
	expr : expr . INTER expr  (63)
	expr : expr . DIFF expr  (64)
	expr : expr . XOR expr  (65)

	TIMES  shift 58
	DIVIDE  shift 59
	ARROW  shift 60
	SEMI  reduce 51
	RPAREN  reduce 51
	RBRAC  reduce 51
	COMMA  reduce 51
	PLUS  reduce 51
	MINUS  reduce 51
	EQ  reduce 51
	NEQ  reduce 51
	LT  reduce 51
	LEQ  reduce 51
	GT  reduce 51
	GEQ  reduce 51
	AND  reduce 51
	OR  reduce 51
	INTER  reduce 51
	UNION  reduce 51
	DIFF  reduce 51
	XOR  reduce 51


state 96
	expr : expr . ARROW expr  (49)
	expr : expr . PLUS expr  (50)
	expr : expr . MINUS expr  (51)
	expr : expr . TIMES expr  (52)
	expr : expr TIMES expr .  (52)
	expr : expr . DIVIDE expr  (53)
	expr : expr . EQ expr  (54)
	expr : expr . NEQ expr  (55)
	expr : expr . LT expr  (56)
	expr : expr . LEQ expr  (57)
	expr : expr . GT expr  (58)
	expr : expr . GEQ expr  (59)
	expr : expr . AND expr  (60)
	expr : expr . OR expr  (61)
	expr : expr . UNION expr  (62)
	expr : expr . INTER expr  (63)
	expr : expr . DIFF expr  (64)
	expr : expr . XOR expr  (65)

	ARROW  shift 60
	SEMI  reduce 52
	RPAREN  reduce 52
	RBRAC  reduce 52
	COMMA  reduce 52
	PLUS  reduce 52
	MINUS  reduce 52
	TIMES  reduce 52
	DIVIDE  reduce 52
	EQ  reduce 52
	NEQ  reduce 52
	LT  reduce 52
	LEQ  reduce 52
	GT  reduce 52
	GEQ  reduce 52
	AND  reduce 52
	OR  reduce 52
	INTER  reduce 52
	UNION  reduce 52
	DIFF  reduce 52
	XOR  reduce 52


state 97
	expr : expr . ARROW expr  (49)
	expr : expr . PLUS expr  (50)
	expr : expr . MINUS expr  (51)
	expr : expr . TIMES expr  (52)
	expr : expr . DIVIDE expr  (53)
	expr : expr DIVIDE expr .  (53)
	expr : expr . EQ expr  (54)
	expr : expr . NEQ expr  (55)
	expr : expr . LT expr  (56)
	expr : expr . LEQ expr  (57)
	expr : expr . GT expr  (58)
	expr : expr . GEQ expr  (59)
	expr : expr . AND expr  (60)
	expr : expr . OR expr  (61)
	expr : expr . UNION expr  (62)
	expr : expr . INTER expr  (63)
	expr : expr . DIFF expr  (64)
	expr : expr . XOR expr  (65)

	ARROW  shift 60
	SEMI  reduce 53
	RPAREN  reduce 53
	RBRAC  reduce 53
	COMMA  reduce 53
	PLUS  reduce 53
	MINUS  reduce 53
	TIMES  reduce 53
	DIVIDE  reduce 53
	EQ  reduce 53
	NEQ  reduce 53
	LT  reduce 53
	LEQ  reduce 53
	GT  reduce 53
	GEQ  reduce 53
	AND  reduce 53
	OR  reduce 53
	INTER  reduce 53
	UNION  reduce 53
	DIFF  reduce 53
	XOR  reduce 53


state 98
	expr : expr . ARROW expr  (49)
	expr : expr ARROW expr .  (49)
	expr : expr . PLUS expr  (50)
	expr : expr . MINUS expr  (51)
	expr : expr . TIMES expr  (52)
	expr : expr . DIVIDE expr  (53)
	expr : expr . EQ expr  (54)
	expr : expr . NEQ expr  (55)
	expr : expr . LT expr  (56)
	expr : expr . LEQ expr  (57)
	expr : expr . GT expr  (58)
	expr : expr . GEQ expr  (59)
	expr : expr . AND expr  (60)
	expr : expr . OR expr  (61)
	expr : expr . UNION expr  (62)
	expr : expr . INTER expr  (63)
	expr : expr . DIFF expr  (64)
	expr : expr . XOR expr  (65)

	.  reduce 49


state 99
	expr : expr . ARROW expr  (49)
	expr : expr . PLUS expr  (50)
	expr : expr . MINUS expr  (51)
	expr : expr . TIMES expr  (52)
	expr : expr . DIVIDE expr  (53)
	expr : expr . EQ expr  (54)
	expr : expr EQ expr .  (54)
	expr : expr . NEQ expr  (55)
	expr : expr . LT expr  (56)
	expr : expr . LEQ expr  (57)
	expr : expr . GT expr  (58)
	expr : expr . GEQ expr  (59)
	expr : expr . AND expr  (60)
	expr : expr . OR expr  (61)
	expr : expr . UNION expr  (62)
	expr : expr . INTER expr  (63)
	expr : expr . DIFF expr  (64)
	expr : expr . XOR expr  (65)

	PLUS  shift 56
	MINUS  shift 57
	TIMES  shift 58
	DIVIDE  shift 59
	ARROW  shift 60
	LT  shift 63
	LEQ  shift 64
	GT  shift 65
	GEQ  shift 66
	INTER  shift 69
	UNION  shift 70
	DIFF  shift 71
	XOR  shift 72
	SEMI  reduce 54
	RPAREN  reduce 54
	RBRAC  reduce 54
	COMMA  reduce 54
	EQ  reduce 54
	NEQ  reduce 54
	AND  reduce 54
	OR  reduce 54


state 100
	expr : expr . ARROW expr  (49)
	expr : expr . PLUS expr  (50)
	expr : expr . MINUS expr  (51)
	expr : expr . TIMES expr  (52)
	expr : expr . DIVIDE expr  (53)
	expr : expr . EQ expr  (54)
	expr : expr . NEQ expr  (55)
	expr : expr NEQ expr .  (55)
	expr : expr . LT expr  (56)
	expr : expr . LEQ expr  (57)
	expr : expr . GT expr  (58)
	expr : expr . GEQ expr  (59)
	expr : expr . AND expr  (60)
	expr : expr . OR expr  (61)
	expr : expr . UNION expr  (62)
	expr : expr . INTER expr  (63)
	expr : expr . DIFF expr  (64)
	expr : expr . XOR expr  (65)

	PLUS  shift 56
	MINUS  shift 57
	TIMES  shift 58
	DIVIDE  shift 59
	ARROW  shift 60
	LT  shift 63
	LEQ  shift 64
	GT  shift 65
	GEQ  shift 66
	INTER  shift 69
	UNION  shift 70
	DIFF  shift 71
	XOR  shift 72
	SEMI  reduce 55
	RPAREN  reduce 55
	RBRAC  reduce 55
	COMMA  reduce 55
	EQ  reduce 55
	NEQ  reduce 55
	AND  reduce 55
	OR  reduce 55


state 101
	expr : expr . ARROW expr  (49)
	expr : expr . PLUS expr  (50)
	expr : expr . MINUS expr  (51)
	expr : expr . TIMES expr  (52)
	expr : expr . DIVIDE expr  (53)
	expr : expr . EQ expr  (54)
	expr : expr . NEQ expr  (55)
	expr : expr . LT expr  (56)
	expr : expr LT expr .  (56)
	expr : expr . LEQ expr  (57)
	expr : expr . GT expr  (58)
	expr : expr . GEQ expr  (59)
	expr : expr . AND expr  (60)
	expr : expr . OR expr  (61)
	expr : expr . UNION expr  (62)
	expr : expr . INTER expr  (63)
	expr : expr . DIFF expr  (64)
	expr : expr . XOR expr  (65)

	PLUS  shift 56
	MINUS  shift 57
	TIMES  shift 58
	DIVIDE  shift 59
	ARROW  shift 60
	INTER  shift 69
	UNION  shift 70
	DIFF  shift 71
	XOR  shift 72
	SEMI  reduce 56
	RPAREN  reduce 56
	RBRAC  reduce 56
	COMMA  reduce 56
	EQ  reduce 56
	NEQ  reduce 56
	LT  reduce 56
	LEQ  reduce 56
	GT  reduce 56
	GEQ  reduce 56
	AND  reduce 56
	OR  reduce 56


state 102
	expr : expr . ARROW expr  (49)
	expr : expr . PLUS expr  (50)
	expr : expr . MINUS expr  (51)
	expr : expr . TIMES expr  (52)
	expr : expr . DIVIDE expr  (53)
	expr : expr . EQ expr  (54)
	expr : expr . NEQ expr  (55)
	expr : expr . LT expr  (56)
	expr : expr . LEQ expr  (57)
	expr : expr LEQ expr .  (57)
	expr : expr . GT expr  (58)
	expr : expr . GEQ expr  (59)
	expr : expr . AND expr  (60)
	expr : expr . OR expr  (61)
	expr : expr . UNION expr  (62)
	expr : expr . INTER expr  (63)
	expr : expr . DIFF expr  (64)
	expr : expr . XOR expr  (65)

	PLUS  shift 56
	MINUS  shift 57
	TIMES  shift 58
	DIVIDE  shift 59
	ARROW  shift 60
	INTER  shift 69
	UNION  shift 70
	DIFF  shift 71
	XOR  shift 72
	SEMI  reduce 57
	RPAREN  reduce 57
	RBRAC  reduce 57
	COMMA  reduce 57
	EQ  reduce 57
	NEQ  reduce 57
	LT  reduce 57
	LEQ  reduce 57
	GT  reduce 57
	GEQ  reduce 57
	AND  reduce 57
	OR  reduce 57


state 103
	expr : expr . ARROW expr  (49)
	expr : expr . PLUS expr  (50)
	expr : expr . MINUS expr  (51)
	expr : expr . TIMES expr  (52)
	expr : expr . DIVIDE expr  (53)
	expr : expr . EQ expr  (54)
	expr : expr . NEQ expr  (55)
	expr : expr . LT expr  (56)
	expr : expr . LEQ expr  (57)
	expr : expr . GT expr  (58)
	expr : expr GT expr .  (58)
	expr : expr . GEQ expr  (59)
	expr : expr . AND expr  (60)
	expr : expr . OR expr  (61)
	expr : expr . UNION expr  (62)
	expr : expr . INTER expr  (63)
	expr : expr . DIFF expr  (64)
	expr : expr . XOR expr  (65)

	PLUS  shift 56
	MINUS  shift 57
	TIMES  shift 58
	DIVIDE  shift 59
	ARROW  shift 60
	INTER  shift 69
	UNION  shift 70
	DIFF  shift 71
	XOR  shift 72
	SEMI  reduce 58
	RPAREN  reduce 58
	RBRAC  reduce 58
	COMMA  reduce 58
	EQ  reduce 58
	NEQ  reduce 58
	LT  reduce 58
	LEQ  reduce 58
	GT  reduce 58
	GEQ  reduce 58
	AND  reduce 58
	OR  reduce 58


state 104
	expr : expr . ARROW expr  (49)
	expr : expr . PLUS expr  (50)
	expr : expr . MINUS expr  (51)
	expr : expr . TIMES expr  (52)
	expr : expr . DIVIDE expr  (53)
	expr : expr . EQ expr  (54)
	expr : expr . NEQ expr  (55)
	expr : expr . LT expr  (56)
	expr : expr . LEQ expr  (57)
	expr : expr . GT expr  (58)
	expr : expr . GEQ expr  (59)
	expr : expr GEQ expr .  (59)
	expr : expr . AND expr  (60)
	expr : expr . OR expr  (61)
	expr : expr . UNION expr  (62)
	expr : expr . INTER expr  (63)
	expr : expr . DIFF expr  (64)
	expr : expr . XOR expr  (65)

	PLUS  shift 56
	MINUS  shift 57
	TIMES  shift 58
	DIVIDE  shift 59
	ARROW  shift 60
	INTER  shift 69
	UNION  shift 70
	DIFF  shift 71
	XOR  shift 72
	SEMI  reduce 59
	RPAREN  reduce 59
	RBRAC  reduce 59
	COMMA  reduce 59
	EQ  reduce 59
	NEQ  reduce 59
	LT  reduce 59
	LEQ  reduce 59
	GT  reduce 59
	GEQ  reduce 59
	AND  reduce 59
	OR  reduce 59


state 105
	expr : expr . ARROW expr  (49)
	expr : expr . PLUS expr  (50)
	expr : expr . MINUS expr  (51)
	expr : expr . TIMES expr  (52)
	expr : expr . DIVIDE expr  (53)
	expr : expr . EQ expr  (54)
	expr : expr . NEQ expr  (55)
	expr : expr . LT expr  (56)
	expr : expr . LEQ expr  (57)
	expr : expr . GT expr  (58)
	expr : expr . GEQ expr  (59)
	expr : expr . AND expr  (60)
	expr : expr AND expr .  (60)
	expr : expr . OR expr  (61)
	expr : expr . UNION expr  (62)
	expr : expr . INTER expr  (63)
	expr : expr . DIFF expr  (64)
	expr : expr . XOR expr  (65)

	PLUS  shift 56
	MINUS  shift 57
	TIMES  shift 58
	DIVIDE  shift 59
	ARROW  shift 60
	EQ  shift 61
	NEQ  shift 62
	LT  shift 63
	LEQ  shift 64
	GT  shift 65
	GEQ  shift 66
	INTER  shift 69
	UNION  shift 70
	DIFF  shift 71
	XOR  shift 72
	SEMI  reduce 60
	RPAREN  reduce 60
	RBRAC  reduce 60
	COMMA  reduce 60
	AND  reduce 60
	OR  reduce 60


state 106
	expr : expr . ARROW expr  (49)
	expr : expr . PLUS expr  (50)
	expr : expr . MINUS expr  (51)
	expr : expr . TIMES expr  (52)
	expr : expr . DIVIDE expr  (53)
	expr : expr . EQ expr  (54)
	expr : expr . NEQ expr  (55)
	expr : expr . LT expr  (56)
	expr : expr . LEQ expr  (57)
	expr : expr . GT expr  (58)
	expr : expr . GEQ expr  (59)
	expr : expr . AND expr  (60)
	expr : expr . OR expr  (61)
	expr : expr OR expr .  (61)
	expr : expr . UNION expr  (62)
	expr : expr . INTER expr  (63)
	expr : expr . DIFF expr  (64)
	expr : expr . XOR expr  (65)

	PLUS  shift 56
	MINUS  shift 57
	TIMES  shift 58
	DIVIDE  shift 59
	ARROW  shift 60
	EQ  shift 61
	NEQ  shift 62
	LT  shift 63
	LEQ  shift 64
	GT  shift 65
	GEQ  shift 66
	AND  shift 67
	INTER  shift 69
	UNION  shift 70
	DIFF  shift 71
	XOR  shift 72
	SEMI  reduce 61
	RPAREN  reduce 61
	RBRAC  reduce 61
	COMMA  reduce 61
	OR  reduce 61


state 107
	expr : expr . ARROW expr  (49)
	expr : expr . PLUS expr  (50)
	expr : expr . MINUS expr  (51)
	expr : expr . TIMES expr  (52)
	expr : expr . DIVIDE expr  (53)
	expr : expr . EQ expr  (54)
	expr : expr . NEQ expr  (55)
	expr : expr . LT expr  (56)
	expr : expr . LEQ expr  (57)
	expr : expr . GT expr  (58)
	expr : expr . GEQ expr  (59)
	expr : expr . AND expr  (60)
	expr : expr . OR expr  (61)
	expr : expr . UNION expr  (62)
	expr : expr . INTER expr  (63)
	expr : expr INTER expr .  (63)
	expr : expr . DIFF expr  (64)
	expr : expr . XOR expr  (65)

	PLUS  shift 56
	MINUS  shift 57
	TIMES  shift 58
	DIVIDE  shift 59
	ARROW  shift 60
	SEMI  reduce 63
	RPAREN  reduce 63
	RBRAC  reduce 63
	COMMA  reduce 63
	EQ  reduce 63
	NEQ  reduce 63
	LT  reduce 63
	LEQ  reduce 63
	GT  reduce 63
	GEQ  reduce 63
	AND  reduce 63
	OR  reduce 63
	INTER  reduce 63
	UNION  reduce 63
	DIFF  reduce 63
	XOR  reduce 63


state 108
	expr : expr . ARROW expr  (49)
	expr : expr . PLUS expr  (50)
	expr : expr . MINUS expr  (51)
	expr : expr . TIMES expr  (52)
	expr : expr . DIVIDE expr  (53)
	expr : expr . EQ expr  (54)
	expr : expr . NEQ expr  (55)
	expr : expr . LT expr  (56)
	expr : expr . LEQ expr  (57)
	expr : expr . GT expr  (58)
	expr : expr . GEQ expr  (59)
	expr : expr . AND expr  (60)
	expr : expr . OR expr  (61)
	expr : expr . UNION expr  (62)
	expr : expr UNION expr .  (62)
	expr : expr . INTER expr  (63)
	expr : expr . DIFF expr  (64)
	expr : expr . XOR expr  (65)

	PLUS  shift 56
	MINUS  shift 57
	TIMES  shift 58
	DIVIDE  shift 59
	ARROW  shift 60
	SEMI  reduce 62
	RPAREN  reduce 62
	RBRAC  reduce 62
	COMMA  reduce 62
	EQ  reduce 62
	NEQ  reduce 62
	LT  reduce 62
	LEQ  reduce 62
	GT  reduce 62
	GEQ  reduce 62
	AND  reduce 62
	OR  reduce 62
	INTER  reduce 62
	UNION  reduce 62
	DIFF  reduce 62
	XOR  reduce 62


state 109
	expr : expr . ARROW expr  (49)
	expr : expr . PLUS expr  (50)
	expr : expr . MINUS expr  (51)
	expr : expr . TIMES expr  (52)
	expr : expr . DIVIDE expr  (53)
	expr : expr . EQ expr  (54)
	expr : expr . NEQ expr  (55)
	expr : expr . LT expr  (56)
	expr : expr . LEQ expr  (57)
	expr : expr . GT expr  (58)
	expr : expr . GEQ expr  (59)
	expr : expr . AND expr  (60)
	expr : expr . OR expr  (61)
	expr : expr . UNION expr  (62)
	expr : expr . INTER expr  (63)
	expr : expr . DIFF expr  (64)
	expr : expr DIFF expr .  (64)
	expr : expr . XOR expr  (65)

	PLUS  shift 56
	MINUS  shift 57
	TIMES  shift 58
	DIVIDE  shift 59
	ARROW  shift 60
	SEMI  reduce 64
	RPAREN  reduce 64
	RBRAC  reduce 64
	COMMA  reduce 64
	EQ  reduce 64
	NEQ  reduce 64
	LT  reduce 64
	LEQ  reduce 64
	GT  reduce 64
	GEQ  reduce 64
	AND  reduce 64
	OR  reduce 64
	INTER  reduce 64
	UNION  reduce 64
	DIFF  reduce 64
	XOR  reduce 64


state 110
	expr : expr . ARROW expr  (49)
	expr : expr . PLUS expr  (50)
	expr : expr . MINUS expr  (51)
	expr : expr . TIMES expr  (52)
	expr : expr . DIVIDE expr  (53)
	expr : expr . EQ expr  (54)
	expr : expr . NEQ expr  (55)
	expr : expr . LT expr  (56)
	expr : expr . LEQ expr  (57)
	expr : expr . GT expr  (58)
	expr : expr . GEQ expr  (59)
	expr : expr . AND expr  (60)
	expr : expr . OR expr  (61)
	expr : expr . UNION expr  (62)
	expr : expr . INTER expr  (63)
	expr : expr . DIFF expr  (64)
	expr : expr . XOR expr  (65)
	expr : expr XOR expr .  (65)

	PLUS  shift 56
	MINUS  shift 57
	TIMES  shift 58
	DIVIDE  shift 59
	ARROW  shift 60
	SEMI  reduce 65
	RPAREN  reduce 65
	RBRAC  reduce 65
	COMMA  reduce 65
	EQ  reduce 65
	NEQ  reduce 65
	LT  reduce 65
	LEQ  reduce 65
	GT  reduce 65
	GEQ  reduce 65
	AND  reduce 65
	OR  reduce 65
	INTER  reduce 65
	UNION  reduce 65
	DIFF  reduce 65
	XOR  reduce 65


state 111
	expr : typ ID ASSIGN . LBRACE vdecl_list RBRACE  (74)

	LBRACE  shift 124
	.  error


state 112
	expr : expr . ARROW expr  (49)
	expr : expr . PLUS expr  (50)
	expr : expr . MINUS expr  (51)
	expr : expr . TIMES expr  (52)
	expr : expr . DIVIDE expr  (53)
	expr : expr . EQ expr  (54)
	expr : expr . NEQ expr  (55)
	expr : expr . LT expr  (56)
	expr : expr . LEQ expr  (57)
	expr : expr . GT expr  (58)
	expr : expr . GEQ expr  (59)
	expr : expr . AND expr  (60)
	expr : expr . OR expr  (61)
	expr : expr . UNION expr  (62)
	expr : expr . INTER expr  (63)
	expr : expr . DIFF expr  (64)
	expr : expr . XOR expr  (65)
	expr_list : expr_list COMMA expr .  (82)

	PLUS  shift 56
	MINUS  shift 57
	TIMES  shift 58
	DIVIDE  shift 59
	ARROW  shift 60
	EQ  shift 61
	NEQ  shift 62
	LT  shift 63
	LEQ  shift 64
	GT  shift 65
	GEQ  shift 66
	AND  shift 67
	OR  shift 68
	INTER  shift 69
	UNION  shift 70
	DIFF  shift 71
	XOR  shift 72
	RBRAC  reduce 82
	COMMA  reduce 82


state 113
	stmt : IF LPAREN expr RPAREN . stmt  (38)
	stmt : IF LPAREN expr RPAREN . stmt ELSE stmt  (39)

	LPAREN  shift 5
	LBRACE  shift 6
	LBRAC  shift 7
	MINUS  shift 8
	NOT  shift 9
	RETURN  shift 10
	IF  shift 11
	FOR  shift 12
	WHILE  shift 13
	INT  shift 14
	BOOL  shift 15
	FLOAT  shift 16
	VOID  shift 17
	LIST  shift 18
	STRING_T  shift 19
	DICT  shift 20
	LITERAL  shift 21
	BLIT  shift 22
	ID  shift 23
	FLIT  shift 24
	STRING  shift 25
	NODE  shift 26
	EDGE  shift 27
	GRAPH  shift 28
	.  error

	stmt  goto 126
	typ  goto 37
	expr  goto 36


state 114
	stmt : FOR LPAREN expr_opt SEMI . expr SEMI expr_opt RPAREN stmt  (40)

	LPAREN  shift 5
	LBRAC  shift 7
	MINUS  shift 8
	NOT  shift 9
	INT  shift 14
	BOOL  shift 15
	FLOAT  shift 16
	VOID  shift 17
	LIST  shift 18
	STRING_T  shift 19
	DICT  shift 20
	LITERAL  shift 21
	BLIT  shift 22
	ID  shift 23
	FLIT  shift 24
	STRING  shift 25
	NODE  shift 26
	EDGE  shift 27
	GRAPH  shift 28
	.  error

	typ  goto 37
	expr  goto 127


state 115
	stmt : WHILE LPAREN expr RPAREN . stmt  (41)

	LPAREN  shift 5
	LBRACE  shift 6
	LBRAC  shift 7
	MINUS  shift 8
	NOT  shift 9
	RETURN  shift 10
	IF  shift 11
	FOR  shift 12
	WHILE  shift 13
	INT  shift 14
	BOOL  shift 15
	FLOAT  shift 16
	VOID  shift 17
	LIST  shift 18
	STRING_T  shift 19
	DICT  shift 20
	LITERAL  shift 21
	BLIT  shift 22
	ID  shift 23
	FLIT  shift 24
	STRING  shift 25
	NODE  shift 26
	EDGE  shift 27
	GRAPH  shift 28
	.  error

	stmt  goto 128
	typ  goto 37
	expr  goto 36


state 116
	expr : ID LPAREN args_opt RPAREN .  (69)

	.  reduce 69


state 117
	args_list : args_list COMMA . expr  (78)

	LPAREN  shift 5
	LBRAC  shift 7
	MINUS  shift 8
	NOT  shift 9
	INT  shift 14
	BOOL  shift 15
	FLOAT  shift 16
	VOID  shift 17
	LIST  shift 18
	STRING_T  shift 19
	DICT  shift 20
	LITERAL  shift 21
	BLIT  shift 22
	ID  shift 23
	FLIT  shift 24
	STRING  shift 25
	NODE  shift 26
	EDGE  shift 27
	GRAPH  shift 28
	.  error

	typ  goto 37
	expr  goto 129


state 118
	expr : ID DOT ID ASSIGN . expr  (72)

	LPAREN  shift 5
	LBRAC  shift 7
	MINUS  shift 8
	NOT  shift 9
	INT  shift 14
	BOOL  shift 15
	FLOAT  shift 16
	VOID  shift 17
	LIST  shift 18
	STRING_T  shift 19
	DICT  shift 20
	LITERAL  shift 21
	BLIT  shift 22
	ID  shift 23
	FLIT  shift 24
	STRING  shift 25
	NODE  shift 26
	EDGE  shift 27
	GRAPH  shift 28
	.  error

	typ  goto 37
	expr  goto 130


state 119
	typ : GRAPH LT flag_opt GT .  (22)

	.  reduce 22


state 120
	flags_list : flags_list COMMA . ID  (86)

	ID  shift 131
	.  error


state 121
	formal_list : typ . ID  (11)

	ID  shift 132
	.  error


state 122
	fdecl : typ ID LPAREN formals_opt . RPAREN LBRACE func_body RBRACE  (8)

	RPAREN  shift 133
	.  error


state 123
	formals_opt : formal_list .  (10)
	formal_list : formal_list . COMMA typ ID  (12)

	COMMA  shift 134
	RPAREN  reduce 10


state 124
	expr : typ ID ASSIGN LBRACE . vdecl_list RBRACE  (74)
	vdecl_list : .  (28)

	.  reduce 28

	vdecl_list  goto 135


state 125
	bind_assign : typ ID ASSIGN expr . SEMI  (32)
	expr : expr . ARROW expr  (49)
	expr : expr . PLUS expr  (50)
	expr : expr . MINUS expr  (51)
	expr : expr . TIMES expr  (52)
	expr : expr . DIVIDE expr  (53)
	expr : expr . EQ expr  (54)
	expr : expr . NEQ expr  (55)
	expr : expr . LT expr  (56)
	expr : expr . LEQ expr  (57)
	expr : expr . GT expr  (58)
	expr : expr . GEQ expr  (59)
	expr : expr . AND expr  (60)
	expr : expr . OR expr  (61)
	expr : expr . UNION expr  (62)
	expr : expr . INTER expr  (63)
	expr : expr . DIFF expr  (64)
	expr : expr . XOR expr  (65)

	SEMI  shift 136
	PLUS  shift 56
	MINUS  shift 57
	TIMES  shift 58
	DIVIDE  shift 59
	ARROW  shift 60
	EQ  shift 61
	NEQ  shift 62
	LT  shift 63
	LEQ  shift 64
	GT  shift 65
	GEQ  shift 66
	AND  shift 67
	OR  shift 68
	INTER  shift 69
	UNION  shift 70
	DIFF  shift 71
	XOR  shift 72
	.  error


state 126
	stmt : IF LPAREN expr RPAREN stmt .  (38)
	stmt : IF LPAREN expr RPAREN stmt . ELSE stmt  (39)

	ELSE  shift 137
	LPAREN  reduce 38
	LBRACE  reduce 38
	RBRACE  reduce 38
	LBRAC  reduce 38
	MINUS  reduce 38
	NOT  reduce 38
	RETURN  reduce 38
	IF  reduce 38
	FOR  reduce 38
	WHILE  reduce 38
	INT  reduce 38
	BOOL  reduce 38
	FLOAT  reduce 38
	VOID  reduce 38
	LIST  reduce 38
	STRING_T  reduce 38
	DICT  reduce 38
	LITERAL  reduce 38
	BLIT  reduce 38
	ID  reduce 38
	FLIT  reduce 38
	STRING  reduce 38
	NODE  reduce 38
	EDGE  reduce 38
	GRAPH  reduce 38
	EOF  reduce 38


state 127
	stmt : FOR LPAREN expr_opt SEMI expr . SEMI expr_opt RPAREN stmt  (40)
	expr : expr . ARROW expr  (49)
	expr : expr . PLUS expr  (50)
	expr : expr . MINUS expr  (51)
	expr : expr . TIMES expr  (52)
	expr : expr . DIVIDE expr  (53)
	expr : expr . EQ expr  (54)
	expr : expr . NEQ expr  (55)
	expr : expr . LT expr  (56)
	expr : expr . LEQ expr  (57)
	expr : expr . GT expr  (58)
	expr : expr . GEQ expr  (59)
	expr : expr . AND expr  (60)
	expr : expr . OR expr  (61)
	expr : expr . UNION expr  (62)
	expr : expr . INTER expr  (63)
	expr : expr . DIFF expr  (64)
	expr : expr . XOR expr  (65)

	SEMI  shift 138
	PLUS  shift 56
	MINUS  shift 57
	TIMES  shift 58
	DIVIDE  shift 59
	ARROW  shift 60
	EQ  shift 61
	NEQ  shift 62
	LT  shift 63
	LEQ  shift 64
	GT  shift 65
	GEQ  shift 66
	AND  shift 67
	OR  shift 68
	INTER  shift 69
	UNION  shift 70
	DIFF  shift 71
	XOR  shift 72
	.  error


state 128
	stmt : WHILE LPAREN expr RPAREN stmt .  (41)

	.  reduce 41


state 129
	expr : expr . ARROW expr  (49)
	expr : expr . PLUS expr  (50)
	expr : expr . MINUS expr  (51)
	expr : expr . TIMES expr  (52)
	expr : expr . DIVIDE expr  (53)
	expr : expr . EQ expr  (54)
	expr : expr . NEQ expr  (55)
	expr : expr . LT expr  (56)
	expr : expr . LEQ expr  (57)
	expr : expr . GT expr  (58)
	expr : expr . GEQ expr  (59)
	expr : expr . AND expr  (60)
	expr : expr . OR expr  (61)
	expr : expr . UNION expr  (62)
	expr : expr . INTER expr  (63)
	expr : expr . DIFF expr  (64)
	expr : expr . XOR expr  (65)
	args_list : args_list COMMA expr .  (78)

	PLUS  shift 56
	MINUS  shift 57
	TIMES  shift 58
	DIVIDE  shift 59
	ARROW  shift 60
	EQ  shift 61
	NEQ  shift 62
	LT  shift 63
	LEQ  shift 64
	GT  shift 65
	GEQ  shift 66
	AND  shift 67
	OR  shift 68
	INTER  shift 69
	UNION  shift 70
	DIFF  shift 71
	XOR  shift 72
	RPAREN  reduce 78
	COMMA  reduce 78


state 130
	expr : expr . ARROW expr  (49)
	expr : expr . PLUS expr  (50)
	expr : expr . MINUS expr  (51)
	expr : expr . TIMES expr  (52)
	expr : expr . DIVIDE expr  (53)
	expr : expr . EQ expr  (54)
	expr : expr . NEQ expr  (55)
	expr : expr . LT expr  (56)
	expr : expr . LEQ expr  (57)
	expr : expr . GT expr  (58)
	expr : expr . GEQ expr  (59)
	expr : expr . AND expr  (60)
	expr : expr . OR expr  (61)
	expr : expr . UNION expr  (62)
	expr : expr . INTER expr  (63)
	expr : expr . DIFF expr  (64)
	expr : expr . XOR expr  (65)
	expr : ID DOT ID ASSIGN expr .  (72)

	PLUS  shift 56
	MINUS  shift 57
	TIMES  shift 58
	DIVIDE  shift 59
	ARROW  shift 60
	EQ  shift 61
	NEQ  shift 62
	LT  shift 63
	LEQ  shift 64
	GT  shift 65
	GEQ  shift 66
	AND  shift 67
	OR  shift 68
	INTER  shift 69
	UNION  shift 70
	DIFF  shift 71
	XOR  shift 72
	SEMI  reduce 72
	RPAREN  reduce 72
	RBRAC  reduce 72
	COMMA  reduce 72


state 131
	flags_list : flags_list COMMA ID .  (86)

	.  reduce 86


state 132
	formal_list : typ ID .  (11)

	.  reduce 11


state 133
	fdecl : typ ID LPAREN formals_opt RPAREN . LBRACE func_body RBRACE  (8)

	LBRACE  shift 139
	.  error


state 134
	formal_list : formal_list COMMA . typ ID  (12)

	INT  shift 14
	BOOL  shift 15
	FLOAT  shift 16
	VOID  shift 17
	LIST  shift 18
	STRING_T  shift 19
	DICT  shift 20
	NODE  shift 26
	EDGE  shift 27
	GRAPH  shift 28
	.  error

	typ  goto 140


state 135
	vdecl_list : vdecl_list . vdecl  (29)
	vdecl_list : vdecl_list . bind_assign  (30)
	expr : typ ID ASSIGN LBRACE vdecl_list . RBRACE  (74)

	RBRACE  shift 141
	INT  shift 14
	BOOL  shift 15
	FLOAT  shift 16
	VOID  shift 17
	LIST  shift 18
	STRING_T  shift 19
	DICT  shift 20
	NODE  shift 26
	EDGE  shift 27
	GRAPH  shift 28
	.  error

	vdecl  goto 142
	bind_assign  goto 143
	typ  goto 144


state 136
	bind_assign : typ ID ASSIGN expr SEMI .  (32)

	.  reduce 32


state 137
	stmt : IF LPAREN expr RPAREN stmt ELSE . stmt  (39)

	LPAREN  shift 5
	LBRACE  shift 6
	LBRAC  shift 7
	MINUS  shift 8
	NOT  shift 9
	RETURN  shift 10
	IF  shift 11
	FOR  shift 12
	WHILE  shift 13
	INT  shift 14
	BOOL  shift 15
	FLOAT  shift 16
	VOID  shift 17
	LIST  shift 18
	STRING_T  shift 19
	DICT  shift 20
	LITERAL  shift 21
	BLIT  shift 22
	ID  shift 23
	FLIT  shift 24
	STRING  shift 25
	NODE  shift 26
	EDGE  shift 27
	GRAPH  shift 28
	.  error

	stmt  goto 145
	typ  goto 37
	expr  goto 36


state 138
	stmt : FOR LPAREN expr_opt SEMI expr SEMI . expr_opt RPAREN stmt  (40)
	expr_opt : .  (42)

	LPAREN  shift 5
	LBRAC  shift 7
	MINUS  shift 8
	NOT  shift 9
	INT  shift 14
	BOOL  shift 15
	FLOAT  shift 16
	VOID  shift 17
	LIST  shift 18
	STRING_T  shift 19
	DICT  shift 20
	LITERAL  shift 21
	BLIT  shift 22
	ID  shift 23
	FLIT  shift 24
	STRING  shift 25
	NODE  shift 26
	EDGE  shift 27
	GRAPH  shift 28
	RPAREN  reduce 42

	typ  goto 37
	expr  goto 45
	expr_opt  goto 146


state 139
	fdecl : typ ID LPAREN formals_opt RPAREN LBRACE . func_body RBRACE  (8)
	func_body : .  (26)

	.  reduce 26

	func_body  goto 147


state 140
	formal_list : formal_list COMMA typ . ID  (12)

	ID  shift 148
	.  error


state 141
	expr : typ ID ASSIGN LBRACE vdecl_list RBRACE .  (74)

	.  reduce 74


state 142
	vdecl_list : vdecl_list vdecl .  (29)

	.  reduce 29


state 143
	vdecl_list : vdecl_list bind_assign .  (30)

	.  reduce 30


state 144
	vdecl : typ . ID SEMI  (31)
	bind_assign : typ . ID ASSIGN expr SEMI  (32)

	ID  shift 149
	.  error


state 145
	stmt : IF LPAREN expr RPAREN stmt ELSE stmt .  (39)

	.  reduce 39


state 146
	stmt : FOR LPAREN expr_opt SEMI expr SEMI expr_opt . RPAREN stmt  (40)

	RPAREN  shift 150
	.  error


state 147
	fdecl : typ ID LPAREN formals_opt RPAREN LBRACE func_body . RBRACE  (8)
	func_body : func_body . f_line  (27)

	LPAREN  shift 5
	LBRACE  shift 6
	RBRACE  shift 151
	LBRAC  shift 7
	MINUS  shift 8
	NOT  shift 9
	RETURN  shift 10
	IF  shift 11
	FOR  shift 12
	WHILE  shift 13
	INT  shift 14
	BOOL  shift 15
	FLOAT  shift 16
	VOID  shift 17
	LIST  shift 18
	STRING_T  shift 19
	DICT  shift 20
	LITERAL  shift 21
	BLIT  shift 22
	ID  shift 23
	FLIT  shift 24
	STRING  shift 25
	NODE  shift 26
	EDGE  shift 27
	GRAPH  shift 28
	.  error

	vdecl  goto 152
	bind_assign  goto 153
	stmt  goto 154
	typ  goto 155
	f_line  goto 156
	expr  goto 36


state 148
	formal_list : formal_list COMMA typ ID .  (12)

	.  reduce 12


state 149
	vdecl : typ ID . SEMI  (31)
	bind_assign : typ ID . ASSIGN expr SEMI  (32)

	SEMI  shift 91
	ASSIGN  shift 157
	.  error


state 150
	stmt : FOR LPAREN expr_opt SEMI expr SEMI expr_opt RPAREN . stmt  (40)

	LPAREN  shift 5
	LBRACE  shift 6
	LBRAC  shift 7
	MINUS  shift 8
	NOT  shift 9
	RETURN  shift 10
	IF  shift 11
	FOR  shift 12
	WHILE  shift 13
	INT  shift 14
	BOOL  shift 15
	FLOAT  shift 16
	VOID  shift 17
	LIST  shift 18
	STRING_T  shift 19
	DICT  shift 20
	LITERAL  shift 21
	BLIT  shift 22
	ID  shift 23
	FLIT  shift 24
	STRING  shift 25
	NODE  shift 26
	EDGE  shift 27
	GRAPH  shift 28
	.  error

	stmt  goto 158
	typ  goto 37
	expr  goto 36


state 151
	fdecl : typ ID LPAREN formals_opt RPAREN LBRACE func_body RBRACE .  (8)

	.  reduce 8


state 152
	f_line : vdecl .  (23)

	.  reduce 23


state 153
	f_line : bind_assign .  (24)

	.  reduce 24


state 154
	f_line : stmt .  (25)

	.  reduce 25


state 155
	vdecl : typ . ID SEMI  (31)
	bind_assign : typ . ID ASSIGN expr SEMI  (32)
	expr : typ . ID ASSIGN LBRACE vdecl_list RBRACE  (74)

	ID  shift 159
	.  error


state 156
	func_body : func_body f_line .  (27)

	.  reduce 27


state 157
	bind_assign : typ ID ASSIGN . expr SEMI  (32)

	LPAREN  shift 5
	LBRAC  shift 7
	MINUS  shift 8
	NOT  shift 9
	INT  shift 14
	BOOL  shift 15
	FLOAT  shift 16
	VOID  shift 17
	LIST  shift 18
	STRING_T  shift 19
	DICT  shift 20
	LITERAL  shift 21
	BLIT  shift 22
	ID  shift 23
	FLIT  shift 24
	STRING  shift 25
	NODE  shift 26
	EDGE  shift 27
	GRAPH  shift 28
	.  error

	typ  goto 37
	expr  goto 125


state 158
	stmt : FOR LPAREN expr_opt SEMI expr SEMI expr_opt RPAREN stmt .  (40)

	.  reduce 40


state 159
	vdecl : typ ID . SEMI  (31)
	bind_assign : typ ID . ASSIGN expr SEMI  (32)
	expr : typ ID . ASSIGN LBRACE vdecl_list RBRACE  (74)

	SEMI  shift 91
	ASSIGN  shift 93
	.  error


55 terminals, 24 nonterminals
88 grammar rules, 160 states
